Timestamp: 2024-04-26 16:33:53,764
Logger Name: root
Log Level: INFO
Message: The files 'log/*.log' have been deleted.
Module: basic_logger
Function: catch_and_log_info
Line: 140
File Path: /Users/christopherchandler/code_repos/RUB/adversarials-multilingual/adversaries/settings/logger/basic_logger.py

Timestamp: 2024-04-26 22:53:53,403
Logger Name: root
Log Level: INFO
Message: The following is being generate - Language: en, Prompt Number: 1
Module: basic_logger
Function: catch_and_log_info
Line: 140
File Path: /Users/christopherchandler/code_repos/RUB/adversarials-multilingual/adversaries/settings/logger/basic_logger.py

Timestamp: 2024-04-26 22:53:53,404
Logger Name: root
Log Level: INFO
Message: Automatically generate adversarials based on nouns
Module: basic_logger
Function: catch_and_log_info
Line: 140
File Path: /Users/christopherchandler/code_repos/RUB/adversarials-multilingual/adversaries/settings/logger/basic_logger.py

Timestamp: 2024-04-26 22:53:53,912
Logger Name: root
Log Level: INFO
Message: The adversarial bursts have been generated and saved.
Module: basic_logger
Function: catch_and_log_info
Line: 140
File Path: /Users/christopherchandler/code_repos/RUB/adversarials-multilingual/adversaries/settings/logger/basic_logger.py

Timestamp: 2024-04-26 22:53:53,912
Logger Name: root
Log Level: INFO
Message: Rate adversarial attack
Module: basic_logger
Function: catch_and_log_info
Line: 140
File Path: /Users/christopherchandler/code_repos/RUB/adversarials-multilingual/adversaries/settings/logger/basic_logger.py

Timestamp: 2024-04-26 22:53:57,253
Logger Name: root
Log Level: INFO
Message: Save adversarial attack results
Module: basic_logger
Function: catch_and_log_info
Line: 140
File Path: /Users/christopherchandler/code_repos/RUB/adversarials-multilingual/adversaries/settings/logger/basic_logger.py

Timestamp: 2024-04-26 22:53:57,253
Logger Name: root
Log Level: INFO
Message: The ARR rate has been generated and saved.
Module: basic_logger
Function: catch_and_log_info
Line: 140
File Path: /Users/christopherchandler/code_repos/RUB/adversarials-multilingual/adversaries/settings/logger/basic_logger.py

Timestamp: 2024-04-26 22:53:57,254
Logger Name: root
Log Level: INFO
Message: The following is being generate - Language: en_orig300, Prompt Number: 1
Module: basic_logger
Function: catch_and_log_info
Line: 140
File Path: /Users/christopherchandler/code_repos/RUB/adversarials-multilingual/adversaries/settings/logger/basic_logger.py

Timestamp: 2024-04-26 22:53:57,254
Logger Name: root
Log Level: INFO
Message: Automatically generate adversarials based on nouns
Module: basic_logger
Function: catch_and_log_info
Line: 140
File Path: /Users/christopherchandler/code_repos/RUB/adversarials-multilingual/adversaries/settings/logger/basic_logger.py

Timestamp: 2024-04-26 22:53:57,636
Logger Name: root
Log Level: INFO
Message: The adversarial bursts have been generated and saved.
Module: basic_logger
Function: catch_and_log_info
Line: 140
File Path: /Users/christopherchandler/code_repos/RUB/adversarials-multilingual/adversaries/settings/logger/basic_logger.py

Timestamp: 2024-04-26 22:53:57,636
Logger Name: root
Log Level: INFO
Message: Rate adversarial attack
Module: basic_logger
Function: catch_and_log_info
Line: 140
File Path: /Users/christopherchandler/code_repos/RUB/adversarials-multilingual/adversaries/settings/logger/basic_logger.py

Timestamp: 2024-04-26 22:54:03,995
Logger Name: root
Log Level: INFO
Message: Save adversarial attack results
Module: basic_logger
Function: catch_and_log_info
Line: 140
File Path: /Users/christopherchandler/code_repos/RUB/adversarials-multilingual/adversaries/settings/logger/basic_logger.py

Timestamp: 2024-04-26 22:54:03,995
Logger Name: root
Log Level: INFO
Message: The ARR rate has been generated and saved.
Module: basic_logger
Function: catch_and_log_info
Line: 140
File Path: /Users/christopherchandler/code_repos/RUB/adversarials-multilingual/adversaries/settings/logger/basic_logger.py

Timestamp: 2024-04-26 22:54:03,997
Logger Name: root
Log Level: INFO
Message: The following is being generate - Language: en_orig, Prompt Number: 1
Module: basic_logger
Function: catch_and_log_info
Line: 140
File Path: /Users/christopherchandler/code_repos/RUB/adversarials-multilingual/adversaries/settings/logger/basic_logger.py

Timestamp: 2024-04-26 22:54:03,997
Logger Name: root
Log Level: INFO
Message: Automatically generate adversarials based on nouns
Module: basic_logger
Function: catch_and_log_info
Line: 140
File Path: /Users/christopherchandler/code_repos/RUB/adversarials-multilingual/adversaries/settings/logger/basic_logger.py

Timestamp: 2024-04-26 22:54:04,369
Logger Name: root
Log Level: INFO
Message: The adversarial bursts have been generated and saved.
Module: basic_logger
Function: catch_and_log_info
Line: 140
File Path: /Users/christopherchandler/code_repos/RUB/adversarials-multilingual/adversaries/settings/logger/basic_logger.py

Timestamp: 2024-04-26 22:54:04,369
Logger Name: root
Log Level: INFO
Message: Rate adversarial attack
Module: basic_logger
Function: catch_and_log_info
Line: 140
File Path: /Users/christopherchandler/code_repos/RUB/adversarials-multilingual/adversaries/settings/logger/basic_logger.py

Timestamp: 2024-04-26 22:56:05,576
Logger Name: root
Log Level: INFO
Message: Save adversarial attack results
Module: basic_logger
Function: catch_and_log_info
Line: 140
File Path: /Users/christopherchandler/code_repos/RUB/adversarials-multilingual/adversaries/settings/logger/basic_logger.py

Timestamp: 2024-04-26 22:56:05,577
Logger Name: root
Log Level: INFO
Message: The ARR rate has been generated and saved.
Module: basic_logger
Function: catch_and_log_info
Line: 140
File Path: /Users/christopherchandler/code_repos/RUB/adversarials-multilingual/adversaries/settings/logger/basic_logger.py

Timestamp: 2024-04-26 22:56:05,583
Logger Name: root
Log Level: INFO
Message: The following is being generate - Language: es, Prompt Number: 1
Module: basic_logger
Function: catch_and_log_info
Line: 140
File Path: /Users/christopherchandler/code_repos/RUB/adversarials-multilingual/adversaries/settings/logger/basic_logger.py

Timestamp: 2024-04-26 22:56:05,584
Logger Name: root
Log Level: INFO
Message: Automatically generate adversarials based on nouns
Module: basic_logger
Function: catch_and_log_info
Line: 140
File Path: /Users/christopherchandler/code_repos/RUB/adversarials-multilingual/adversaries/settings/logger/basic_logger.py

Timestamp: 2024-04-26 22:56:05,914
Logger Name: root
Log Level: INFO
Message: The adversarial bursts have been generated and saved.
Module: basic_logger
Function: catch_and_log_info
Line: 140
File Path: /Users/christopherchandler/code_repos/RUB/adversarials-multilingual/adversaries/settings/logger/basic_logger.py

Timestamp: 2024-04-26 22:56:05,914
Logger Name: root
Log Level: INFO
Message: Rate adversarial attack
Module: basic_logger
Function: catch_and_log_info
Line: 140
File Path: /Users/christopherchandler/code_repos/RUB/adversarials-multilingual/adversaries/settings/logger/basic_logger.py

Timestamp: 2024-04-26 22:57:23,864
Logger Name: root
Log Level: INFO
Message: The following is being generate - Language: en, Prompt Number: 1
Module: basic_logger
Function: catch_and_log_info
Line: 140
File Path: /Users/christopherchandler/code_repos/RUB/adversarials-multilingual/adversaries/settings/logger/basic_logger.py

Timestamp: 2024-04-26 22:57:23,864
Logger Name: root
Log Level: INFO
Message: Automatically generate adversarials based on nouns
Module: basic_logger
Function: catch_and_log_info
Line: 140
File Path: /Users/christopherchandler/code_repos/RUB/adversarials-multilingual/adversaries/settings/logger/basic_logger.py

Timestamp: 2024-04-26 22:57:24,374
Logger Name: root
Log Level: INFO
Message: The adversarial bursts have been generated and saved.
Module: basic_logger
Function: catch_and_log_info
Line: 140
File Path: /Users/christopherchandler/code_repos/RUB/adversarials-multilingual/adversaries/settings/logger/basic_logger.py

Timestamp: 2024-04-26 22:57:24,374
Logger Name: root
Log Level: INFO
Message: Rate adversarial attack
Module: basic_logger
Function: catch_and_log_info
Line: 140
File Path: /Users/christopherchandler/code_repos/RUB/adversarials-multilingual/adversaries/settings/logger/basic_logger.py

Timestamp: 2024-04-26 22:57:27,806
Logger Name: root
Log Level: INFO
Message: Save adversarial attack results
Module: basic_logger
Function: catch_and_log_info
Line: 140
File Path: /Users/christopherchandler/code_repos/RUB/adversarials-multilingual/adversaries/settings/logger/basic_logger.py

Timestamp: 2024-04-26 22:57:27,806
Logger Name: root
Log Level: INFO
Message: The ARR rate has been generated and saved.
Module: basic_logger
Function: catch_and_log_info
Line: 140
File Path: /Users/christopherchandler/code_repos/RUB/adversarials-multilingual/adversaries/settings/logger/basic_logger.py

Timestamp: 2024-04-26 22:57:27,807
Logger Name: root
Log Level: INFO
Message: The following is being generate - Language: en_orig300, Prompt Number: 1
Module: basic_logger
Function: catch_and_log_info
Line: 140
File Path: /Users/christopherchandler/code_repos/RUB/adversarials-multilingual/adversaries/settings/logger/basic_logger.py

Timestamp: 2024-04-26 22:57:27,807
Logger Name: root
Log Level: INFO
Message: Automatically generate adversarials based on nouns
Module: basic_logger
Function: catch_and_log_info
Line: 140
File Path: /Users/christopherchandler/code_repos/RUB/adversarials-multilingual/adversaries/settings/logger/basic_logger.py

Timestamp: 2024-04-26 22:57:28,209
Logger Name: root
Log Level: INFO
Message: The adversarial bursts have been generated and saved.
Module: basic_logger
Function: catch_and_log_info
Line: 140
File Path: /Users/christopherchandler/code_repos/RUB/adversarials-multilingual/adversaries/settings/logger/basic_logger.py

Timestamp: 2024-04-26 22:57:28,209
Logger Name: root
Log Level: INFO
Message: Rate adversarial attack
Module: basic_logger
Function: catch_and_log_info
Line: 140
File Path: /Users/christopherchandler/code_repos/RUB/adversarials-multilingual/adversaries/settings/logger/basic_logger.py

Timestamp: 2024-04-26 22:57:34,770
Logger Name: root
Log Level: INFO
Message: Save adversarial attack results
Module: basic_logger
Function: catch_and_log_info
Line: 140
File Path: /Users/christopherchandler/code_repos/RUB/adversarials-multilingual/adversaries/settings/logger/basic_logger.py

Timestamp: 2024-04-26 22:57:34,770
Logger Name: root
Log Level: INFO
Message: The ARR rate has been generated and saved.
Module: basic_logger
Function: catch_and_log_info
Line: 140
File Path: /Users/christopherchandler/code_repos/RUB/adversarials-multilingual/adversaries/settings/logger/basic_logger.py

Timestamp: 2024-04-26 22:57:34,772
Logger Name: root
Log Level: INFO
Message: The following is being generate - Language: en_orig, Prompt Number: 1
Module: basic_logger
Function: catch_and_log_info
Line: 140
File Path: /Users/christopherchandler/code_repos/RUB/adversarials-multilingual/adversaries/settings/logger/basic_logger.py

Timestamp: 2024-04-26 22:57:34,772
Logger Name: root
Log Level: INFO
Message: Automatically generate adversarials based on nouns
Module: basic_logger
Function: catch_and_log_info
Line: 140
File Path: /Users/christopherchandler/code_repos/RUB/adversarials-multilingual/adversaries/settings/logger/basic_logger.py

Timestamp: 2024-04-26 22:57:35,264
Logger Name: root
Log Level: INFO
Message: The adversarial bursts have been generated and saved.
Module: basic_logger
Function: catch_and_log_info
Line: 140
File Path: /Users/christopherchandler/code_repos/RUB/adversarials-multilingual/adversaries/settings/logger/basic_logger.py

Timestamp: 2024-04-26 22:57:35,264
Logger Name: root
Log Level: INFO
Message: Rate adversarial attack
Module: basic_logger
Function: catch_and_log_info
Line: 140
File Path: /Users/christopherchandler/code_repos/RUB/adversarials-multilingual/adversaries/settings/logger/basic_logger.py

Timestamp: 2024-04-26 22:59:36,497
Logger Name: root
Log Level: INFO
Message: Save adversarial attack results
Module: basic_logger
Function: catch_and_log_info
Line: 140
File Path: /Users/christopherchandler/code_repos/RUB/adversarials-multilingual/adversaries/settings/logger/basic_logger.py

Timestamp: 2024-04-26 22:59:36,497
Logger Name: root
Log Level: INFO
Message: The ARR rate has been generated and saved.
Module: basic_logger
Function: catch_and_log_info
Line: 140
File Path: /Users/christopherchandler/code_repos/RUB/adversarials-multilingual/adversaries/settings/logger/basic_logger.py

Timestamp: 2024-04-26 22:59:36,503
Logger Name: root
Log Level: INFO
Message: The following is being generate - Language: es, Prompt Number: 1
Module: basic_logger
Function: catch_and_log_info
Line: 140
File Path: /Users/christopherchandler/code_repos/RUB/adversarials-multilingual/adversaries/settings/logger/basic_logger.py

Timestamp: 2024-04-26 22:59:36,504
Logger Name: root
Log Level: INFO
Message: Automatically generate adversarials based on nouns
Module: basic_logger
Function: catch_and_log_info
Line: 140
File Path: /Users/christopherchandler/code_repos/RUB/adversarials-multilingual/adversaries/settings/logger/basic_logger.py

Timestamp: 2024-04-26 22:59:36,813
Logger Name: root
Log Level: INFO
Message: The adversarial bursts have been generated and saved.
Module: basic_logger
Function: catch_and_log_info
Line: 140
File Path: /Users/christopherchandler/code_repos/RUB/adversarials-multilingual/adversaries/settings/logger/basic_logger.py

Timestamp: 2024-04-26 22:59:36,813
Logger Name: root
Log Level: INFO
Message: Rate adversarial attack
Module: basic_logger
Function: catch_and_log_info
Line: 140
File Path: /Users/christopherchandler/code_repos/RUB/adversarials-multilingual/adversaries/settings/logger/basic_logger.py

Timestamp: 2024-04-26 22:59:42,138
Logger Name: root
Log Level: INFO
Message: Save adversarial attack results
Module: basic_logger
Function: catch_and_log_info
Line: 140
File Path: /Users/christopherchandler/code_repos/RUB/adversarials-multilingual/adversaries/settings/logger/basic_logger.py

Timestamp: 2024-04-26 22:59:42,138
Logger Name: root
Log Level: INFO
Message: The ARR rate has been generated and saved.
Module: basic_logger
Function: catch_and_log_info
Line: 140
File Path: /Users/christopherchandler/code_repos/RUB/adversarials-multilingual/adversaries/settings/logger/basic_logger.py

Timestamp: 2024-04-26 22:59:42,141
Logger Name: root
Log Level: INFO
Message: The following is being generate - Language: fr, Prompt Number: 1
Module: basic_logger
Function: catch_and_log_info
Line: 140
File Path: /Users/christopherchandler/code_repos/RUB/adversarials-multilingual/adversaries/settings/logger/basic_logger.py

Timestamp: 2024-04-26 22:59:42,141
Logger Name: root
Log Level: INFO
Message: Automatically generate adversarials based on nouns
Module: basic_logger
Function: catch_and_log_info
Line: 140
File Path: /Users/christopherchandler/code_repos/RUB/adversarials-multilingual/adversaries/settings/logger/basic_logger.py

Timestamp: 2024-04-26 22:59:44,522
Logger Name: root
Log Level: ERROR
Message: 'latin-1' codec can't encode character '\u2019' in position 86: ordinal not in range(256)
Module: basic_logger
Function: catch_and_log_error
Line: 104
File Path: /Users/christopherchandler/code_repos/RUB/adversarials-multilingual/adversaries/settings/logger/basic_logger.py

Timestamp: 2024-04-26 23:01:46,992
Logger Name: root
Log Level: INFO
Message: The following is being generate - Language: fr, Prompt Number: 1
Module: basic_logger
Function: catch_and_log_info
Line: 140
File Path: /Users/christopherchandler/code_repos/RUB/adversarials-multilingual/adversaries/settings/logger/basic_logger.py

Timestamp: 2024-04-26 23:01:46,993
Logger Name: root
Log Level: INFO
Message: Automatically generate adversarials based on nouns
Module: basic_logger
Function: catch_and_log_info
Line: 140
File Path: /Users/christopherchandler/code_repos/RUB/adversarials-multilingual/adversaries/settings/logger/basic_logger.py

Timestamp: 2024-04-26 23:01:49,443
Logger Name: root
Log Level: ERROR
Message: 'latin-1' codec can't encode character '\u2019' in position 59: ordinal not in range(256)
Module: basic_logger
Function: catch_and_log_error
Line: 104
File Path: /Users/christopherchandler/code_repos/RUB/adversarials-multilingual/adversaries/settings/logger/basic_logger.py

Timestamp: 2024-04-26 23:02:07,599
Logger Name: root
Log Level: INFO
Message: The following is being generate - Language: fr, Prompt Number: 1
Module: basic_logger
Function: catch_and_log_info
Line: 140
File Path: /Users/christopherchandler/code_repos/RUB/adversarials-multilingual/adversaries/settings/logger/basic_logger.py

Timestamp: 2024-04-26 23:02:07,600
Logger Name: root
Log Level: INFO
Message: Automatically generate adversarials based on nouns
Module: basic_logger
Function: catch_and_log_info
Line: 140
File Path: /Users/christopherchandler/code_repos/RUB/adversarials-multilingual/adversaries/settings/logger/basic_logger.py

Timestamp: 2024-04-26 23:02:13,373
Logger Name: root
Log Level: ERROR
Message: 'latin-1' codec can't encode character '\u2019' in position 59: ordinal not in range(256)
Module: basic_logger
Function: catch_and_log_error
Line: 104
File Path: /Users/christopherchandler/code_repos/RUB/adversarials-multilingual/adversaries/settings/logger/basic_logger.py

Timestamp: 2024-04-26 23:02:28,194
Logger Name: root
Log Level: INFO
Message: The following is being generate - Language: fr, Prompt Number: 1
Module: basic_logger
Function: catch_and_log_info
Line: 140
File Path: /Users/christopherchandler/code_repos/RUB/adversarials-multilingual/adversaries/settings/logger/basic_logger.py

Timestamp: 2024-04-26 23:02:28,196
Logger Name: root
Log Level: INFO
Message: Automatically generate adversarials based on nouns
Module: basic_logger
Function: catch_and_log_info
Line: 140
File Path: /Users/christopherchandler/code_repos/RUB/adversarials-multilingual/adversaries/settings/logger/basic_logger.py

Timestamp: 2024-04-26 23:02:33,944
Logger Name: root
Log Level: ERROR
Message: 'latin-1' codec can't encode character '\u2019' in position 59: ordinal not in range(256)
Module: basic_logger
Function: catch_and_log_error
Line: 104
File Path: /Users/christopherchandler/code_repos/RUB/adversarials-multilingual/adversaries/settings/logger/basic_logger.py

Timestamp: 2024-04-26 23:02:40,730
Logger Name: root
Log Level: INFO
Message: The following is being generate - Language: fr, Prompt Number: 1
Module: basic_logger
Function: catch_and_log_info
Line: 140
File Path: /Users/christopherchandler/code_repos/RUB/adversarials-multilingual/adversaries/settings/logger/basic_logger.py

Timestamp: 2024-04-26 23:02:40,731
Logger Name: root
Log Level: INFO
Message: Automatically generate adversarials based on nouns
Module: basic_logger
Function: catch_and_log_info
Line: 140
File Path: /Users/christopherchandler/code_repos/RUB/adversarials-multilingual/adversaries/settings/logger/basic_logger.py

Timestamp: 2024-04-26 23:02:43,204
Logger Name: root
Log Level: ERROR
Message: 'latin-1' codec can't encode character '\u2019' in position 59: ordinal not in range(256)
Module: basic_logger
Function: catch_and_log_error
Line: 104
File Path: /Users/christopherchandler/code_repos/RUB/adversarials-multilingual/adversaries/settings/logger/basic_logger.py

Timestamp: 2024-04-26 23:03:41,417
Logger Name: root
Log Level: INFO
Message: The following is being generate - Language: fr, Prompt Number: 1
Module: basic_logger
Function: catch_and_log_info
Line: 140
File Path: /Users/christopherchandler/code_repos/RUB/adversarials-multilingual/adversaries/settings/logger/basic_logger.py

Timestamp: 2024-04-26 23:03:41,417
Logger Name: root
Log Level: INFO
Message: Automatically generate adversarials based on nouns
Module: basic_logger
Function: catch_and_log_info
Line: 140
File Path: /Users/christopherchandler/code_repos/RUB/adversarials-multilingual/adversaries/settings/logger/basic_logger.py

Timestamp: 2024-04-26 23:03:43,849
Logger Name: root
Log Level: ERROR
Message: 'latin-1' codec can't encode character '\u2019' in position 59: ordinal not in range(256)
Module: basic_logger
Function: catch_and_log_error
Line: 104
File Path: /Users/christopherchandler/code_repos/RUB/adversarials-multilingual/adversaries/settings/logger/basic_logger.py

Timestamp: 2024-04-26 23:05:04,960
Logger Name: root
Log Level: INFO
Message: The following is being generate - Language: fr, Prompt Number: 1
Module: basic_logger
Function: catch_and_log_info
Line: 140
File Path: /Users/christopherchandler/code_repos/RUB/adversarials-multilingual/adversaries/settings/logger/basic_logger.py

Timestamp: 2024-04-26 23:05:04,960
Logger Name: root
Log Level: INFO
Message: Automatically generate adversarials based on nouns
Module: basic_logger
Function: catch_and_log_info
Line: 140
File Path: /Users/christopherchandler/code_repos/RUB/adversarials-multilingual/adversaries/settings/logger/basic_logger.py

Timestamp: 2024-04-26 23:05:07,477
Logger Name: root
Log Level: INFO
Message: The adversarial bursts have been generated and saved.
Module: basic_logger
Function: catch_and_log_info
Line: 140
File Path: /Users/christopherchandler/code_repos/RUB/adversarials-multilingual/adversaries/settings/logger/basic_logger.py

Timestamp: 2024-04-26 23:05:07,477
Logger Name: root
Log Level: INFO
Message: Rate adversarial attack
Module: basic_logger
Function: catch_and_log_info
Line: 140
File Path: /Users/christopherchandler/code_repos/RUB/adversarials-multilingual/adversaries/settings/logger/basic_logger.py

Timestamp: 2024-04-26 23:05:11,192
Logger Name: root
Log Level: INFO
Message: Save adversarial attack results
Module: basic_logger
Function: catch_and_log_info
Line: 140
File Path: /Users/christopherchandler/code_repos/RUB/adversarials-multilingual/adversaries/settings/logger/basic_logger.py

Timestamp: 2024-04-26 23:05:11,192
Logger Name: root
Log Level: INFO
Message: The ARR rate has been generated and saved.
Module: basic_logger
Function: catch_and_log_info
Line: 140
File Path: /Users/christopherchandler/code_repos/RUB/adversarials-multilingual/adversaries/settings/logger/basic_logger.py

Timestamp: 2024-04-26 23:05:11,194
Logger Name: root
Log Level: INFO
Message: The following is being generate - Language: fr, Prompt Number: 2
Module: basic_logger
Function: catch_and_log_info
Line: 140
File Path: /Users/christopherchandler/code_repos/RUB/adversarials-multilingual/adversaries/settings/logger/basic_logger.py

Timestamp: 2024-04-26 23:05:11,194
Logger Name: root
Log Level: INFO
Message: Automatically generate adversarials based on nouns
Module: basic_logger
Function: catch_and_log_info
Line: 140
File Path: /Users/christopherchandler/code_repos/RUB/adversarials-multilingual/adversaries/settings/logger/basic_logger.py

Timestamp: 2024-04-26 23:05:11,865
Logger Name: root
Log Level: INFO
Message: The adversarial bursts have been generated and saved.
Module: basic_logger
Function: catch_and_log_info
Line: 140
File Path: /Users/christopherchandler/code_repos/RUB/adversarials-multilingual/adversaries/settings/logger/basic_logger.py

Timestamp: 2024-04-26 23:05:11,865
Logger Name: root
Log Level: INFO
Message: Rate adversarial attack
Module: basic_logger
Function: catch_and_log_info
Line: 140
File Path: /Users/christopherchandler/code_repos/RUB/adversarials-multilingual/adversaries/settings/logger/basic_logger.py

Timestamp: 2024-04-26 23:05:14,468
Logger Name: root
Log Level: INFO
Message: Save adversarial attack results
Module: basic_logger
Function: catch_and_log_info
Line: 140
File Path: /Users/christopherchandler/code_repos/RUB/adversarials-multilingual/adversaries/settings/logger/basic_logger.py

Timestamp: 2024-04-26 23:05:14,469
Logger Name: root
Log Level: INFO
Message: The ARR rate has been generated and saved.
Module: basic_logger
Function: catch_and_log_info
Line: 140
File Path: /Users/christopherchandler/code_repos/RUB/adversarials-multilingual/adversaries/settings/logger/basic_logger.py

Timestamp: 2024-04-26 23:05:14,470
Logger Name: root
Log Level: INFO
Message: The following is being generate - Language: fr, Prompt Number: 10
Module: basic_logger
Function: catch_and_log_info
Line: 140
File Path: /Users/christopherchandler/code_repos/RUB/adversarials-multilingual/adversaries/settings/logger/basic_logger.py

Timestamp: 2024-04-26 23:05:14,470
Logger Name: root
Log Level: INFO
Message: Automatically generate adversarials based on nouns
Module: basic_logger
Function: catch_and_log_info
Line: 140
File Path: /Users/christopherchandler/code_repos/RUB/adversarials-multilingual/adversaries/settings/logger/basic_logger.py

Timestamp: 2024-04-26 23:05:15,217
Logger Name: root
Log Level: INFO
Message: The adversarial bursts have been generated and saved.
Module: basic_logger
Function: catch_and_log_info
Line: 140
File Path: /Users/christopherchandler/code_repos/RUB/adversarials-multilingual/adversaries/settings/logger/basic_logger.py

Timestamp: 2024-04-26 23:05:15,217
Logger Name: root
Log Level: INFO
Message: Rate adversarial attack
Module: basic_logger
Function: catch_and_log_info
Line: 140
File Path: /Users/christopherchandler/code_repos/RUB/adversarials-multilingual/adversaries/settings/logger/basic_logger.py

Timestamp: 2024-04-26 23:05:17,528
Logger Name: root
Log Level: INFO
Message: Save adversarial attack results
Module: basic_logger
Function: catch_and_log_info
Line: 140
File Path: /Users/christopherchandler/code_repos/RUB/adversarials-multilingual/adversaries/settings/logger/basic_logger.py

Timestamp: 2024-04-26 23:05:17,529
Logger Name: root
Log Level: INFO
Message: The ARR rate has been generated and saved.
Module: basic_logger
Function: catch_and_log_info
Line: 140
File Path: /Users/christopherchandler/code_repos/RUB/adversarials-multilingual/adversaries/settings/logger/basic_logger.py

Timestamp: 2024-04-26 23:05:45,499
Logger Name: root
Log Level: INFO
Message: The following is being generate - Language: en, Prompt Number: 1
Module: basic_logger
Function: catch_and_log_info
Line: 140
File Path: /Users/christopherchandler/code_repos/RUB/adversarials-multilingual/adversaries/settings/logger/basic_logger.py

Timestamp: 2024-04-26 23:05:45,499
Logger Name: root
Log Level: INFO
Message: Automatically generate adversarials based on nouns
Module: basic_logger
Function: catch_and_log_info
Line: 140
File Path: /Users/christopherchandler/code_repos/RUB/adversarials-multilingual/adversaries/settings/logger/basic_logger.py

Timestamp: 2024-04-26 23:05:45,979
Logger Name: root
Log Level: INFO
Message: The adversarial bursts have been generated and saved.
Module: basic_logger
Function: catch_and_log_info
Line: 140
File Path: /Users/christopherchandler/code_repos/RUB/adversarials-multilingual/adversaries/settings/logger/basic_logger.py

Timestamp: 2024-04-26 23:05:45,979
Logger Name: root
Log Level: INFO
Message: Rate adversarial attack
Module: basic_logger
Function: catch_and_log_info
Line: 140
File Path: /Users/christopherchandler/code_repos/RUB/adversarials-multilingual/adversaries/settings/logger/basic_logger.py

Timestamp: 2024-04-26 23:05:49,304
Logger Name: root
Log Level: INFO
Message: Save adversarial attack results
Module: basic_logger
Function: catch_and_log_info
Line: 140
File Path: /Users/christopherchandler/code_repos/RUB/adversarials-multilingual/adversaries/settings/logger/basic_logger.py

Timestamp: 2024-04-26 23:05:49,304
Logger Name: root
Log Level: INFO
Message: The ARR rate has been generated and saved.
Module: basic_logger
Function: catch_and_log_info
Line: 140
File Path: /Users/christopherchandler/code_repos/RUB/adversarials-multilingual/adversaries/settings/logger/basic_logger.py

Timestamp: 2024-04-26 23:05:49,305
Logger Name: root
Log Level: INFO
Message: The following is being generate - Language: en_orig300, Prompt Number: 1
Module: basic_logger
Function: catch_and_log_info
Line: 140
File Path: /Users/christopherchandler/code_repos/RUB/adversarials-multilingual/adversaries/settings/logger/basic_logger.py

Timestamp: 2024-04-26 23:05:49,305
Logger Name: root
Log Level: INFO
Message: Automatically generate adversarials based on nouns
Module: basic_logger
Function: catch_and_log_info
Line: 140
File Path: /Users/christopherchandler/code_repos/RUB/adversarials-multilingual/adversaries/settings/logger/basic_logger.py

Timestamp: 2024-04-26 23:05:49,686
Logger Name: root
Log Level: INFO
Message: The adversarial bursts have been generated and saved.
Module: basic_logger
Function: catch_and_log_info
Line: 140
File Path: /Users/christopherchandler/code_repos/RUB/adversarials-multilingual/adversaries/settings/logger/basic_logger.py

Timestamp: 2024-04-26 23:05:49,686
Logger Name: root
Log Level: INFO
Message: Rate adversarial attack
Module: basic_logger
Function: catch_and_log_info
Line: 140
File Path: /Users/christopherchandler/code_repos/RUB/adversarials-multilingual/adversaries/settings/logger/basic_logger.py

Timestamp: 2024-04-26 23:05:56,017
Logger Name: root
Log Level: INFO
Message: Save adversarial attack results
Module: basic_logger
Function: catch_and_log_info
Line: 140
File Path: /Users/christopherchandler/code_repos/RUB/adversarials-multilingual/adversaries/settings/logger/basic_logger.py

Timestamp: 2024-04-26 23:05:56,017
Logger Name: root
Log Level: INFO
Message: The ARR rate has been generated and saved.
Module: basic_logger
Function: catch_and_log_info
Line: 140
File Path: /Users/christopherchandler/code_repos/RUB/adversarials-multilingual/adversaries/settings/logger/basic_logger.py

Timestamp: 2024-04-26 23:05:56,018
Logger Name: root
Log Level: INFO
Message: The following is being generate - Language: en_orig, Prompt Number: 1
Module: basic_logger
Function: catch_and_log_info
Line: 140
File Path: /Users/christopherchandler/code_repos/RUB/adversarials-multilingual/adversaries/settings/logger/basic_logger.py

Timestamp: 2024-04-26 23:05:56,018
Logger Name: root
Log Level: INFO
Message: Automatically generate adversarials based on nouns
Module: basic_logger
Function: catch_and_log_info
Line: 140
File Path: /Users/christopherchandler/code_repos/RUB/adversarials-multilingual/adversaries/settings/logger/basic_logger.py

Timestamp: 2024-04-26 23:05:56,406
Logger Name: root
Log Level: INFO
Message: The adversarial bursts have been generated and saved.
Module: basic_logger
Function: catch_and_log_info
Line: 140
File Path: /Users/christopherchandler/code_repos/RUB/adversarials-multilingual/adversaries/settings/logger/basic_logger.py

Timestamp: 2024-04-26 23:05:56,406
Logger Name: root
Log Level: INFO
Message: Rate adversarial attack
Module: basic_logger
Function: catch_and_log_info
Line: 140
File Path: /Users/christopherchandler/code_repos/RUB/adversarials-multilingual/adversaries/settings/logger/basic_logger.py

Timestamp: 2024-04-26 23:07:57,318
Logger Name: root
Log Level: INFO
Message: Save adversarial attack results
Module: basic_logger
Function: catch_and_log_info
Line: 140
File Path: /Users/christopherchandler/code_repos/RUB/adversarials-multilingual/adversaries/settings/logger/basic_logger.py

Timestamp: 2024-04-26 23:07:57,318
Logger Name: root
Log Level: INFO
Message: The ARR rate has been generated and saved.
Module: basic_logger
Function: catch_and_log_info
Line: 140
File Path: /Users/christopherchandler/code_repos/RUB/adversarials-multilingual/adversaries/settings/logger/basic_logger.py

Timestamp: 2024-04-26 23:07:57,325
Logger Name: root
Log Level: INFO
Message: The following is being generate - Language: es, Prompt Number: 1
Module: basic_logger
Function: catch_and_log_info
Line: 140
File Path: /Users/christopherchandler/code_repos/RUB/adversarials-multilingual/adversaries/settings/logger/basic_logger.py

Timestamp: 2024-04-26 23:07:57,325
Logger Name: root
Log Level: INFO
Message: Automatically generate adversarials based on nouns
Module: basic_logger
Function: catch_and_log_info
Line: 140
File Path: /Users/christopherchandler/code_repos/RUB/adversarials-multilingual/adversaries/settings/logger/basic_logger.py

Timestamp: 2024-04-26 23:07:57,645
Logger Name: root
Log Level: INFO
Message: The adversarial bursts have been generated and saved.
Module: basic_logger
Function: catch_and_log_info
Line: 140
File Path: /Users/christopherchandler/code_repos/RUB/adversarials-multilingual/adversaries/settings/logger/basic_logger.py

Timestamp: 2024-04-26 23:07:57,645
Logger Name: root
Log Level: INFO
Message: Rate adversarial attack
Module: basic_logger
Function: catch_and_log_info
Line: 140
File Path: /Users/christopherchandler/code_repos/RUB/adversarials-multilingual/adversaries/settings/logger/basic_logger.py

Timestamp: 2024-04-26 23:08:03,121
Logger Name: root
Log Level: INFO
Message: Save adversarial attack results
Module: basic_logger
Function: catch_and_log_info
Line: 140
File Path: /Users/christopherchandler/code_repos/RUB/adversarials-multilingual/adversaries/settings/logger/basic_logger.py

Timestamp: 2024-04-26 23:08:03,121
Logger Name: root
Log Level: INFO
Message: The ARR rate has been generated and saved.
Module: basic_logger
Function: catch_and_log_info
Line: 140
File Path: /Users/christopherchandler/code_repos/RUB/adversarials-multilingual/adversaries/settings/logger/basic_logger.py

Timestamp: 2024-04-26 23:08:03,123
Logger Name: root
Log Level: INFO
Message: The following is being generate - Language: fr, Prompt Number: 1
Module: basic_logger
Function: catch_and_log_info
Line: 140
File Path: /Users/christopherchandler/code_repos/RUB/adversarials-multilingual/adversaries/settings/logger/basic_logger.py

Timestamp: 2024-04-26 23:08:03,123
Logger Name: root
Log Level: INFO
Message: Automatically generate adversarials based on nouns
Module: basic_logger
Function: catch_and_log_info
Line: 140
File Path: /Users/christopherchandler/code_repos/RUB/adversarials-multilingual/adversaries/settings/logger/basic_logger.py

Timestamp: 2024-04-26 23:08:05,684
Logger Name: root
Log Level: INFO
Message: The adversarial bursts have been generated and saved.
Module: basic_logger
Function: catch_and_log_info
Line: 140
File Path: /Users/christopherchandler/code_repos/RUB/adversarials-multilingual/adversaries/settings/logger/basic_logger.py

Timestamp: 2024-04-26 23:08:05,684
Logger Name: root
Log Level: INFO
Message: Rate adversarial attack
Module: basic_logger
Function: catch_and_log_info
Line: 140
File Path: /Users/christopherchandler/code_repos/RUB/adversarials-multilingual/adversaries/settings/logger/basic_logger.py

Timestamp: 2024-04-26 23:08:09,490
Logger Name: root
Log Level: INFO
Message: Save adversarial attack results
Module: basic_logger
Function: catch_and_log_info
Line: 140
File Path: /Users/christopherchandler/code_repos/RUB/adversarials-multilingual/adversaries/settings/logger/basic_logger.py

Timestamp: 2024-04-26 23:08:09,490
Logger Name: root
Log Level: INFO
Message: The ARR rate has been generated and saved.
Module: basic_logger
Function: catch_and_log_info
Line: 140
File Path: /Users/christopherchandler/code_repos/RUB/adversarials-multilingual/adversaries/settings/logger/basic_logger.py

Timestamp: 2024-04-26 23:08:09,491
Logger Name: root
Log Level: INFO
Message: The following is being generate - Language: de, Prompt Number: 1
Module: basic_logger
Function: catch_and_log_info
Line: 140
File Path: /Users/christopherchandler/code_repos/RUB/adversarials-multilingual/adversaries/settings/logger/basic_logger.py

Timestamp: 2024-04-26 23:08:09,491
Logger Name: root
Log Level: INFO
Message: Automatically generate adversarials based on nouns
Module: basic_logger
Function: catch_and_log_info
Line: 140
File Path: /Users/christopherchandler/code_repos/RUB/adversarials-multilingual/adversaries/settings/logger/basic_logger.py

Timestamp: 2024-04-26 23:08:10,143
Logger Name: root
Log Level: INFO
Message: The adversarial bursts have been generated and saved.
Module: basic_logger
Function: catch_and_log_info
Line: 140
File Path: /Users/christopherchandler/code_repos/RUB/adversarials-multilingual/adversaries/settings/logger/basic_logger.py

Timestamp: 2024-04-26 23:08:10,143
Logger Name: root
Log Level: INFO
Message: Rate adversarial attack
Module: basic_logger
Function: catch_and_log_info
Line: 140
File Path: /Users/christopherchandler/code_repos/RUB/adversarials-multilingual/adversaries/settings/logger/basic_logger.py

Timestamp: 2024-04-26 23:08:14,452
Logger Name: root
Log Level: INFO
Message: Save adversarial attack results
Module: basic_logger
Function: catch_and_log_info
Line: 140
File Path: /Users/christopherchandler/code_repos/RUB/adversarials-multilingual/adversaries/settings/logger/basic_logger.py

Timestamp: 2024-04-26 23:08:14,452
Logger Name: root
Log Level: INFO
Message: The ARR rate has been generated and saved.
Module: basic_logger
Function: catch_and_log_info
Line: 140
File Path: /Users/christopherchandler/code_repos/RUB/adversarials-multilingual/adversaries/settings/logger/basic_logger.py

Timestamp: 2024-04-26 23:08:14,454
Logger Name: root
Log Level: INFO
Message: The following is being generate - Language: en, Prompt Number: 2
Module: basic_logger
Function: catch_and_log_info
Line: 140
File Path: /Users/christopherchandler/code_repos/RUB/adversarials-multilingual/adversaries/settings/logger/basic_logger.py

Timestamp: 2024-04-26 23:08:14,454
Logger Name: root
Log Level: INFO
Message: Automatically generate adversarials based on nouns
Module: basic_logger
Function: catch_and_log_info
Line: 140
File Path: /Users/christopherchandler/code_repos/RUB/adversarials-multilingual/adversaries/settings/logger/basic_logger.py

Timestamp: 2024-04-26 23:08:14,848
Logger Name: root
Log Level: INFO
Message: The adversarial bursts have been generated and saved.
Module: basic_logger
Function: catch_and_log_info
Line: 140
File Path: /Users/christopherchandler/code_repos/RUB/adversarials-multilingual/adversaries/settings/logger/basic_logger.py

Timestamp: 2024-04-26 23:08:14,848
Logger Name: root
Log Level: INFO
Message: Rate adversarial attack
Module: basic_logger
Function: catch_and_log_info
Line: 140
File Path: /Users/christopherchandler/code_repos/RUB/adversarials-multilingual/adversaries/settings/logger/basic_logger.py

Timestamp: 2024-04-26 23:08:19,474
Logger Name: root
Log Level: INFO
Message: Save adversarial attack results
Module: basic_logger
Function: catch_and_log_info
Line: 140
File Path: /Users/christopherchandler/code_repos/RUB/adversarials-multilingual/adversaries/settings/logger/basic_logger.py

Timestamp: 2024-04-26 23:08:19,474
Logger Name: root
Log Level: INFO
Message: The ARR rate has been generated and saved.
Module: basic_logger
Function: catch_and_log_info
Line: 140
File Path: /Users/christopherchandler/code_repos/RUB/adversarials-multilingual/adversaries/settings/logger/basic_logger.py

Timestamp: 2024-04-26 23:08:19,476
Logger Name: root
Log Level: INFO
Message: The following is being generate - Language: en_orig300, Prompt Number: 2
Module: basic_logger
Function: catch_and_log_info
Line: 140
File Path: /Users/christopherchandler/code_repos/RUB/adversarials-multilingual/adversaries/settings/logger/basic_logger.py

Timestamp: 2024-04-26 23:08:19,476
Logger Name: root
Log Level: INFO
Message: Automatically generate adversarials based on nouns
Module: basic_logger
Function: catch_and_log_info
Line: 140
File Path: /Users/christopherchandler/code_repos/RUB/adversarials-multilingual/adversaries/settings/logger/basic_logger.py

Timestamp: 2024-04-26 23:08:19,878
Logger Name: root
Log Level: INFO
Message: The adversarial bursts have been generated and saved.
Module: basic_logger
Function: catch_and_log_info
Line: 140
File Path: /Users/christopherchandler/code_repos/RUB/adversarials-multilingual/adversaries/settings/logger/basic_logger.py

Timestamp: 2024-04-26 23:08:19,879
Logger Name: root
Log Level: INFO
Message: Rate adversarial attack
Module: basic_logger
Function: catch_and_log_info
Line: 140
File Path: /Users/christopherchandler/code_repos/RUB/adversarials-multilingual/adversaries/settings/logger/basic_logger.py

Timestamp: 2024-04-26 23:08:27,684
Logger Name: root
Log Level: INFO
Message: Save adversarial attack results
Module: basic_logger
Function: catch_and_log_info
Line: 140
File Path: /Users/christopherchandler/code_repos/RUB/adversarials-multilingual/adversaries/settings/logger/basic_logger.py

Timestamp: 2024-04-26 23:08:27,684
Logger Name: root
Log Level: INFO
Message: The ARR rate has been generated and saved.
Module: basic_logger
Function: catch_and_log_info
Line: 140
File Path: /Users/christopherchandler/code_repos/RUB/adversarials-multilingual/adversaries/settings/logger/basic_logger.py

Timestamp: 2024-04-26 23:08:27,686
Logger Name: root
Log Level: INFO
Message: The following is being generate - Language: en_orig, Prompt Number: 2
Module: basic_logger
Function: catch_and_log_info
Line: 140
File Path: /Users/christopherchandler/code_repos/RUB/adversarials-multilingual/adversaries/settings/logger/basic_logger.py

Timestamp: 2024-04-26 23:08:27,686
Logger Name: root
Log Level: INFO
Message: Automatically generate adversarials based on nouns
Module: basic_logger
Function: catch_and_log_info
Line: 140
File Path: /Users/christopherchandler/code_repos/RUB/adversarials-multilingual/adversaries/settings/logger/basic_logger.py

Timestamp: 2024-04-26 23:08:28,078
Logger Name: root
Log Level: INFO
Message: The adversarial bursts have been generated and saved.
Module: basic_logger
Function: catch_and_log_info
Line: 140
File Path: /Users/christopherchandler/code_repos/RUB/adversarials-multilingual/adversaries/settings/logger/basic_logger.py

Timestamp: 2024-04-26 23:08:28,078
Logger Name: root
Log Level: INFO
Message: Rate adversarial attack
Module: basic_logger
Function: catch_and_log_info
Line: 140
File Path: /Users/christopherchandler/code_repos/RUB/adversarials-multilingual/adversaries/settings/logger/basic_logger.py

Timestamp: 2024-04-26 23:10:07,491
Logger Name: root
Log Level: INFO
Message: Save adversarial attack results
Module: basic_logger
Function: catch_and_log_info
Line: 140
File Path: /Users/christopherchandler/code_repos/RUB/adversarials-multilingual/adversaries/settings/logger/basic_logger.py

Timestamp: 2024-04-26 23:10:07,492
Logger Name: root
Log Level: INFO
Message: The ARR rate has been generated and saved.
Module: basic_logger
Function: catch_and_log_info
Line: 140
File Path: /Users/christopherchandler/code_repos/RUB/adversarials-multilingual/adversaries/settings/logger/basic_logger.py

Timestamp: 2024-04-26 23:10:07,499
Logger Name: root
Log Level: INFO
Message: The following is being generate - Language: es, Prompt Number: 2
Module: basic_logger
Function: catch_and_log_info
Line: 140
File Path: /Users/christopherchandler/code_repos/RUB/adversarials-multilingual/adversaries/settings/logger/basic_logger.py

Timestamp: 2024-04-26 23:10:07,499
Logger Name: root
Log Level: INFO
Message: Automatically generate adversarials based on nouns
Module: basic_logger
Function: catch_and_log_info
Line: 140
File Path: /Users/christopherchandler/code_repos/RUB/adversarials-multilingual/adversaries/settings/logger/basic_logger.py

Timestamp: 2024-04-26 23:10:07,815
Logger Name: root
Log Level: INFO
Message: The adversarial bursts have been generated and saved.
Module: basic_logger
Function: catch_and_log_info
Line: 140
File Path: /Users/christopherchandler/code_repos/RUB/adversarials-multilingual/adversaries/settings/logger/basic_logger.py

Timestamp: 2024-04-26 23:10:07,815
Logger Name: root
Log Level: INFO
Message: Rate adversarial attack
Module: basic_logger
Function: catch_and_log_info
Line: 140
File Path: /Users/christopherchandler/code_repos/RUB/adversarials-multilingual/adversaries/settings/logger/basic_logger.py

Timestamp: 2024-04-26 23:10:15,151
Logger Name: root
Log Level: INFO
Message: Save adversarial attack results
Module: basic_logger
Function: catch_and_log_info
Line: 140
File Path: /Users/christopherchandler/code_repos/RUB/adversarials-multilingual/adversaries/settings/logger/basic_logger.py

Timestamp: 2024-04-26 23:10:15,151
Logger Name: root
Log Level: INFO
Message: The ARR rate has been generated and saved.
Module: basic_logger
Function: catch_and_log_info
Line: 140
File Path: /Users/christopherchandler/code_repos/RUB/adversarials-multilingual/adversaries/settings/logger/basic_logger.py

Timestamp: 2024-04-26 23:10:15,156
Logger Name: root
Log Level: INFO
Message: The following is being generate - Language: fr, Prompt Number: 2
Module: basic_logger
Function: catch_and_log_info
Line: 140
File Path: /Users/christopherchandler/code_repos/RUB/adversarials-multilingual/adversaries/settings/logger/basic_logger.py

Timestamp: 2024-04-26 23:10:15,156
Logger Name: root
Log Level: INFO
Message: Automatically generate adversarials based on nouns
Module: basic_logger
Function: catch_and_log_info
Line: 140
File Path: /Users/christopherchandler/code_repos/RUB/adversarials-multilingual/adversaries/settings/logger/basic_logger.py

Timestamp: 2024-04-26 23:10:15,895
Logger Name: root
Log Level: INFO
Message: The adversarial bursts have been generated and saved.
Module: basic_logger
Function: catch_and_log_info
Line: 140
File Path: /Users/christopherchandler/code_repos/RUB/adversarials-multilingual/adversaries/settings/logger/basic_logger.py

Timestamp: 2024-04-26 23:10:15,895
Logger Name: root
Log Level: INFO
Message: Rate adversarial attack
Module: basic_logger
Function: catch_and_log_info
Line: 140
File Path: /Users/christopherchandler/code_repos/RUB/adversarials-multilingual/adversaries/settings/logger/basic_logger.py

Timestamp: 2024-04-26 23:10:18,675
Logger Name: root
Log Level: INFO
Message: Save adversarial attack results
Module: basic_logger
Function: catch_and_log_info
Line: 140
File Path: /Users/christopherchandler/code_repos/RUB/adversarials-multilingual/adversaries/settings/logger/basic_logger.py

Timestamp: 2024-04-26 23:10:18,675
Logger Name: root
Log Level: INFO
Message: The ARR rate has been generated and saved.
Module: basic_logger
Function: catch_and_log_info
Line: 140
File Path: /Users/christopherchandler/code_repos/RUB/adversarials-multilingual/adversaries/settings/logger/basic_logger.py

Timestamp: 2024-04-26 23:10:18,678
Logger Name: root
Log Level: INFO
Message: The following is being generate - Language: de, Prompt Number: 2
Module: basic_logger
Function: catch_and_log_info
Line: 140
File Path: /Users/christopherchandler/code_repos/RUB/adversarials-multilingual/adversaries/settings/logger/basic_logger.py

Timestamp: 2024-04-26 23:10:18,679
Logger Name: root
Log Level: INFO
Message: Automatically generate adversarials based on nouns
Module: basic_logger
Function: catch_and_log_info
Line: 140
File Path: /Users/christopherchandler/code_repos/RUB/adversarials-multilingual/adversaries/settings/logger/basic_logger.py

Timestamp: 2024-04-26 23:10:19,262
Logger Name: root
Log Level: INFO
Message: The adversarial bursts have been generated and saved.
Module: basic_logger
Function: catch_and_log_info
Line: 140
File Path: /Users/christopherchandler/code_repos/RUB/adversarials-multilingual/adversaries/settings/logger/basic_logger.py

Timestamp: 2024-04-26 23:10:19,262
Logger Name: root
Log Level: INFO
Message: Rate adversarial attack
Module: basic_logger
Function: catch_and_log_info
Line: 140
File Path: /Users/christopherchandler/code_repos/RUB/adversarials-multilingual/adversaries/settings/logger/basic_logger.py

Timestamp: 2024-04-26 23:10:24,389
Logger Name: root
Log Level: INFO
Message: Save adversarial attack results
Module: basic_logger
Function: catch_and_log_info
Line: 140
File Path: /Users/christopherchandler/code_repos/RUB/adversarials-multilingual/adversaries/settings/logger/basic_logger.py

Timestamp: 2024-04-26 23:10:24,389
Logger Name: root
Log Level: INFO
Message: The ARR rate has been generated and saved.
Module: basic_logger
Function: catch_and_log_info
Line: 140
File Path: /Users/christopherchandler/code_repos/RUB/adversarials-multilingual/adversaries/settings/logger/basic_logger.py

Timestamp: 2024-04-26 23:10:24,391
Logger Name: root
Log Level: INFO
Message: The following is being generate - Language: en, Prompt Number: 10
Module: basic_logger
Function: catch_and_log_info
Line: 140
File Path: /Users/christopherchandler/code_repos/RUB/adversarials-multilingual/adversaries/settings/logger/basic_logger.py

Timestamp: 2024-04-26 23:10:24,391
Logger Name: root
Log Level: INFO
Message: Automatically generate adversarials based on nouns
Module: basic_logger
Function: catch_and_log_info
Line: 140
File Path: /Users/christopherchandler/code_repos/RUB/adversarials-multilingual/adversaries/settings/logger/basic_logger.py

Timestamp: 2024-04-26 23:10:24,830
Logger Name: root
Log Level: INFO
Message: The adversarial bursts have been generated and saved.
Module: basic_logger
Function: catch_and_log_info
Line: 140
File Path: /Users/christopherchandler/code_repos/RUB/adversarials-multilingual/adversaries/settings/logger/basic_logger.py

Timestamp: 2024-04-26 23:10:24,830
Logger Name: root
Log Level: INFO
Message: Rate adversarial attack
Module: basic_logger
Function: catch_and_log_info
Line: 140
File Path: /Users/christopherchandler/code_repos/RUB/adversarials-multilingual/adversaries/settings/logger/basic_logger.py

Timestamp: 2024-04-26 23:10:28,718
Logger Name: root
Log Level: INFO
Message: Save adversarial attack results
Module: basic_logger
Function: catch_and_log_info
Line: 140
File Path: /Users/christopherchandler/code_repos/RUB/adversarials-multilingual/adversaries/settings/logger/basic_logger.py

Timestamp: 2024-04-26 23:10:28,718
Logger Name: root
Log Level: INFO
Message: The ARR rate has been generated and saved.
Module: basic_logger
Function: catch_and_log_info
Line: 140
File Path: /Users/christopherchandler/code_repos/RUB/adversarials-multilingual/adversaries/settings/logger/basic_logger.py

Timestamp: 2024-04-26 23:10:28,720
Logger Name: root
Log Level: INFO
Message: The following is being generate - Language: en_orig300, Prompt Number: 10
Module: basic_logger
Function: catch_and_log_info
Line: 140
File Path: /Users/christopherchandler/code_repos/RUB/adversarials-multilingual/adversaries/settings/logger/basic_logger.py

Timestamp: 2024-04-26 23:10:28,720
Logger Name: root
Log Level: INFO
Message: Automatically generate adversarials based on nouns
Module: basic_logger
Function: catch_and_log_info
Line: 140
File Path: /Users/christopherchandler/code_repos/RUB/adversarials-multilingual/adversaries/settings/logger/basic_logger.py

Timestamp: 2024-04-26 23:10:29,160
Logger Name: root
Log Level: INFO
Message: The adversarial bursts have been generated and saved.
Module: basic_logger
Function: catch_and_log_info
Line: 140
File Path: /Users/christopherchandler/code_repos/RUB/adversarials-multilingual/adversaries/settings/logger/basic_logger.py

Timestamp: 2024-04-26 23:10:29,160
Logger Name: root
Log Level: INFO
Message: Rate adversarial attack
Module: basic_logger
Function: catch_and_log_info
Line: 140
File Path: /Users/christopherchandler/code_repos/RUB/adversarials-multilingual/adversaries/settings/logger/basic_logger.py

Timestamp: 2024-04-26 23:10:33,532
Logger Name: root
Log Level: INFO
Message: Save adversarial attack results
Module: basic_logger
Function: catch_and_log_info
Line: 140
File Path: /Users/christopherchandler/code_repos/RUB/adversarials-multilingual/adversaries/settings/logger/basic_logger.py

Timestamp: 2024-04-26 23:10:33,533
Logger Name: root
Log Level: INFO
Message: The ARR rate has been generated and saved.
Module: basic_logger
Function: catch_and_log_info
Line: 140
File Path: /Users/christopherchandler/code_repos/RUB/adversarials-multilingual/adversaries/settings/logger/basic_logger.py

Timestamp: 2024-04-26 23:10:33,535
Logger Name: root
Log Level: INFO
Message: The following is being generate - Language: en_orig, Prompt Number: 10
Module: basic_logger
Function: catch_and_log_info
Line: 140
File Path: /Users/christopherchandler/code_repos/RUB/adversarials-multilingual/adversaries/settings/logger/basic_logger.py

Timestamp: 2024-04-26 23:10:33,535
Logger Name: root
Log Level: INFO
Message: Automatically generate adversarials based on nouns
Module: basic_logger
Function: catch_and_log_info
Line: 140
File Path: /Users/christopherchandler/code_repos/RUB/adversarials-multilingual/adversaries/settings/logger/basic_logger.py

Timestamp: 2024-04-26 23:10:33,971
Logger Name: root
Log Level: INFO
Message: The adversarial bursts have been generated and saved.
Module: basic_logger
Function: catch_and_log_info
Line: 140
File Path: /Users/christopherchandler/code_repos/RUB/adversarials-multilingual/adversaries/settings/logger/basic_logger.py

Timestamp: 2024-04-26 23:10:33,971
Logger Name: root
Log Level: INFO
Message: Rate adversarial attack
Module: basic_logger
Function: catch_and_log_info
Line: 140
File Path: /Users/christopherchandler/code_repos/RUB/adversarials-multilingual/adversaries/settings/logger/basic_logger.py

Timestamp: 2024-04-26 23:11:41,358
Logger Name: root
Log Level: INFO
Message: Save adversarial attack results
Module: basic_logger
Function: catch_and_log_info
Line: 140
File Path: /Users/christopherchandler/code_repos/RUB/adversarials-multilingual/adversaries/settings/logger/basic_logger.py

Timestamp: 2024-04-26 23:11:41,358
Logger Name: root
Log Level: INFO
Message: The ARR rate has been generated and saved.
Module: basic_logger
Function: catch_and_log_info
Line: 140
File Path: /Users/christopherchandler/code_repos/RUB/adversarials-multilingual/adversaries/settings/logger/basic_logger.py

Timestamp: 2024-04-26 23:11:41,364
Logger Name: root
Log Level: INFO
Message: The following is being generate - Language: es, Prompt Number: 10
Module: basic_logger
Function: catch_and_log_info
Line: 140
File Path: /Users/christopherchandler/code_repos/RUB/adversarials-multilingual/adversaries/settings/logger/basic_logger.py

Timestamp: 2024-04-26 23:11:41,364
Logger Name: root
Log Level: INFO
Message: Automatically generate adversarials based on nouns
Module: basic_logger
Function: catch_and_log_info
Line: 140
File Path: /Users/christopherchandler/code_repos/RUB/adversarials-multilingual/adversaries/settings/logger/basic_logger.py

Timestamp: 2024-04-26 23:11:41,714
Logger Name: root
Log Level: INFO
Message: The adversarial bursts have been generated and saved.
Module: basic_logger
Function: catch_and_log_info
Line: 140
File Path: /Users/christopherchandler/code_repos/RUB/adversarials-multilingual/adversaries/settings/logger/basic_logger.py

Timestamp: 2024-04-26 23:11:41,714
Logger Name: root
Log Level: INFO
Message: Rate adversarial attack
Module: basic_logger
Function: catch_and_log_info
Line: 140
File Path: /Users/christopherchandler/code_repos/RUB/adversarials-multilingual/adversaries/settings/logger/basic_logger.py

Timestamp: 2024-04-26 23:11:47,976
Logger Name: root
Log Level: INFO
Message: Save adversarial attack results
Module: basic_logger
Function: catch_and_log_info
Line: 140
File Path: /Users/christopherchandler/code_repos/RUB/adversarials-multilingual/adversaries/settings/logger/basic_logger.py

Timestamp: 2024-04-26 23:11:47,977
Logger Name: root
Log Level: INFO
Message: The ARR rate has been generated and saved.
Module: basic_logger
Function: catch_and_log_info
Line: 140
File Path: /Users/christopherchandler/code_repos/RUB/adversarials-multilingual/adversaries/settings/logger/basic_logger.py

Timestamp: 2024-04-26 23:11:47,979
Logger Name: root
Log Level: INFO
Message: The following is being generate - Language: fr, Prompt Number: 10
Module: basic_logger
Function: catch_and_log_info
Line: 140
File Path: /Users/christopherchandler/code_repos/RUB/adversarials-multilingual/adversaries/settings/logger/basic_logger.py

Timestamp: 2024-04-26 23:11:47,979
Logger Name: root
Log Level: INFO
Message: Automatically generate adversarials based on nouns
Module: basic_logger
Function: catch_and_log_info
Line: 140
File Path: /Users/christopherchandler/code_repos/RUB/adversarials-multilingual/adversaries/settings/logger/basic_logger.py

Timestamp: 2024-04-26 23:11:48,707
Logger Name: root
Log Level: INFO
Message: The adversarial bursts have been generated and saved.
Module: basic_logger
Function: catch_and_log_info
Line: 140
File Path: /Users/christopherchandler/code_repos/RUB/adversarials-multilingual/adversaries/settings/logger/basic_logger.py

Timestamp: 2024-04-26 23:11:48,707
Logger Name: root
Log Level: INFO
Message: Rate adversarial attack
Module: basic_logger
Function: catch_and_log_info
Line: 140
File Path: /Users/christopherchandler/code_repos/RUB/adversarials-multilingual/adversaries/settings/logger/basic_logger.py

Timestamp: 2024-04-26 23:11:51,055
Logger Name: root
Log Level: INFO
Message: Save adversarial attack results
Module: basic_logger
Function: catch_and_log_info
Line: 140
File Path: /Users/christopherchandler/code_repos/RUB/adversarials-multilingual/adversaries/settings/logger/basic_logger.py

Timestamp: 2024-04-26 23:11:51,055
Logger Name: root
Log Level: INFO
Message: The ARR rate has been generated and saved.
Module: basic_logger
Function: catch_and_log_info
Line: 140
File Path: /Users/christopherchandler/code_repos/RUB/adversarials-multilingual/adversaries/settings/logger/basic_logger.py

Timestamp: 2024-04-26 23:11:51,057
Logger Name: root
Log Level: INFO
Message: The following is being generate - Language: de, Prompt Number: 10
Module: basic_logger
Function: catch_and_log_info
Line: 140
File Path: /Users/christopherchandler/code_repos/RUB/adversarials-multilingual/adversaries/settings/logger/basic_logger.py

Timestamp: 2024-04-26 23:11:51,057
Logger Name: root
Log Level: INFO
Message: Automatically generate adversarials based on nouns
Module: basic_logger
Function: catch_and_log_info
Line: 140
File Path: /Users/christopherchandler/code_repos/RUB/adversarials-multilingual/adversaries/settings/logger/basic_logger.py

Timestamp: 2024-04-26 23:11:51,676
Logger Name: root
Log Level: INFO
Message: The adversarial bursts have been generated and saved.
Module: basic_logger
Function: catch_and_log_info
Line: 140
File Path: /Users/christopherchandler/code_repos/RUB/adversarials-multilingual/adversaries/settings/logger/basic_logger.py

Timestamp: 2024-04-26 23:11:51,676
Logger Name: root
Log Level: INFO
Message: Rate adversarial attack
Module: basic_logger
Function: catch_and_log_info
Line: 140
File Path: /Users/christopherchandler/code_repos/RUB/adversarials-multilingual/adversaries/settings/logger/basic_logger.py

Timestamp: 2024-04-26 23:11:56,021
Logger Name: root
Log Level: INFO
Message: Save adversarial attack results
Module: basic_logger
Function: catch_and_log_info
Line: 140
File Path: /Users/christopherchandler/code_repos/RUB/adversarials-multilingual/adversaries/settings/logger/basic_logger.py

Timestamp: 2024-04-26 23:11:56,021
Logger Name: root
Log Level: INFO
Message: The ARR rate has been generated and saved.
Module: basic_logger
Function: catch_and_log_info
Line: 140
File Path: /Users/christopherchandler/code_repos/RUB/adversarials-multilingual/adversaries/settings/logger/basic_logger.py

